Start testing: Mar 26 12:59 CET
----------------------------------------------------------
1/2 Testing: tag_lookup_service_tests
1/2 Test: tag_lookup_service_tests
Command: "/Users/jesthuecarlskov/code/fb2k/build/tag_lookup_service_tests"
Directory: /Users/jesthuecarlskov/code/fb2k/build
"tag_lookup_service_tests" start time: Mar 26 12:59 CET
Output:
----------------------------------------------------------
<end of output>
Test time =   0.15 sec
----------------------------------------------------------
Test Passed.
"tag_lookup_service_tests" end time: Mar 26 12:59 CET
"tag_lookup_service_tests" time elapsed: 00:00:00
----------------------------------------------------------

2/2 Testing: album_art_service_tests
2/2 Test: album_art_service_tests
Command: "/Users/jesthuecarlskov/code/fb2k/build/album_art_service_tests"
Directory: /Users/jesthuecarlskov/code/fb2k/build
"album_art_service_tests" start time: Mar 26 12:59 CET
Output:
----------------------------------------------------------
<end of output>
Test time =   0.13 sec
----------------------------------------------------------
Test Passed.
"album_art_service_tests" end time: Mar 26 12:59 CET
"album_art_service_tests" time elapsed: 00:00:00
----------------------------------------------------------

End testing: Mar 26 12:59 CET
